Build started 16/10/2015 13:23:19.
     1>Project "\\vmwfil04\students$\1301732\desktop\Base-SFML-Project\Base-SFML-Project\Base-SFML-Project.vcxproj" on node 2 (Build target(s)).
     1>ClCompile:
         C:\Program Files\Microsoft Visual Studio 12.0\VC\bin\CL.exe /c /I"\\vmwfil04\students$\1301732\desktop\Base-SFML-Project\\SFML-2.3.2\include" /ZI /nologo /W3 /WX- /sdl /Od /Oy- /D SFML_STATIC /D WIN32 /D _DEBUG /D _WINDOWS /D _UNICODE /D UNICODE /Gm /EHsc /RTC1 /MDd /GS /fp:precise /Zc:wchar_t /Zc:forScope /Fo"Debug\\" /Fd"Debug\vc120.pdb" /Gd /TP /analyze- /errorReport:prompt main.cpp
         main.cpp
       Link:
         C:\Program Files\Microsoft Visual Studio 12.0\VC\bin\link.exe /ERRORREPORT:PROMPT /OUT:"\\vmwfil04\students$\1301732\desktop\Base-SFML-Project\Debug\Base-SFML-Project.exe" /INCREMENTAL /NOLOGO /LIBPATH:"\\vmwfil04\students$\1301732\desktop\Base-SFML-Project\\SFML-2.3.2\lib" "sfml-main-d.lib" "sfml-graphics-s-d.lib" "sfml-window-s-d.lib" "sfml-audio-s-d.lib" "sfml-network-s-d.lib" "sfml-system-s-d.lib" opengl32.lib freetype.lib jpeg.lib winmm.lib gdi32.lib openal32.lib flac.lib vorbisenc.lib vorbisfile.lib vorbis.lib ogg.lib ws2_32.lib kernel32.lib user32.lib gdi32.lib winspool.lib comdlg32.lib advapi32.lib shell32.lib ole32.lib oleaut32.lib uuid.lib odbc32.lib odbccp32.lib /MANIFEST /MANIFESTUAC:"level='asInvoker' uiAccess='false'" /manifest:embed /DEBUG /PDB:"\\vmwfil04\students$\1301732\desktop\Base-SFML-Project\Debug\Base-SFML-Project.pdb" /SUBSYSTEM:WINDOWS /TLBID:1 /DYNAMICBASE /NXCOMPAT /IMPLIB:"\\vmwfil04\students$\1301732\desktop\Base-SFML-Project\Debug\Base-SFML-Project.lib" /MACHINE:X86 Debug\main.obj
     1>sfml-main-d.lib(MainWin32.cpp.obj) : warning LNK4099: PDB 'vc120.pdb' was not found with 'sfml-main-d.lib(MainWin32.cpp.obj)' or at '\\vmwfil04\students$\1301732\desktop\Base-SFML-Project\Debug\vc120.pdb'; linking object as if no debug info
     1>sfml-graphics-s-d.lib(BlendMode.cpp.obj) : warning LNK4099: PDB 'vc120.pdb' was not found with 'sfml-graphics-s-d.lib(BlendMode.cpp.obj)' or at '\\vmwfil04\students$\1301732\desktop\Base-SFML-Project\Debug\vc120.pdb'; linking object as if no debug info
     1>sfml-graphics-s-d.lib(Color.cpp.obj) : warning LNK4099: PDB 'vc120.pdb' was not found with 'sfml-graphics-s-d.lib(Color.cpp.obj)' or at '\\vmwfil04\students$\1301732\desktop\Base-SFML-Project\Debug\vc120.pdb'; linking object as if no debug info
     1>sfml-graphics-s-d.lib(GLCheck.cpp.obj) : warning LNK4099: PDB 'vc120.pdb' was not found with 'sfml-graphics-s-d.lib(GLCheck.cpp.obj)' or at '\\vmwfil04\students$\1301732\desktop\Base-SFML-Project\Debug\vc120.pdb'; linking object as if no debug info
     1>sfml-graphics-s-d.lib(GLExtensions.cpp.obj) : warning LNK4099: PDB 'vc120.pdb' was not found with 'sfml-graphics-s-d.lib(GLExtensions.cpp.obj)' or at '\\vmwfil04\students$\1301732\desktop\Base-SFML-Project\Debug\vc120.pdb'; linking object as if no debug info
     1>sfml-graphics-s-d.lib(Image.cpp.obj) : warning LNK4099: PDB 'vc120.pdb' was not found with 'sfml-graphics-s-d.lib(Image.cpp.obj)' or at '\\vmwfil04\students$\1301732\desktop\Base-SFML-Project\Debug\vc120.pdb'; linking object as if no debug info
     1>sfml-graphics-s-d.lib(ImageLoader.cpp.obj) : warning LNK4099: PDB 'vc120.pdb' was not found with 'sfml-graphics-s-d.lib(ImageLoader.cpp.obj)' or at '\\vmwfil04\students$\1301732\desktop\Base-SFML-Project\Debug\vc120.pdb'; linking object as if no debug info
     1>sfml-graphics-s-d.lib(RenderStates.cpp.obj) : warning LNK4099: PDB 'vc120.pdb' was not found with 'sfml-graphics-s-d.lib(RenderStates.cpp.obj)' or at '\\vmwfil04\students$\1301732\desktop\Base-SFML-Project\Debug\vc120.pdb'; linking object as if no debug info
     1>sfml-graphics-s-d.lib(RenderTarget.cpp.obj) : warning LNK4099: PDB 'vc120.pdb' was not found with 'sfml-graphics-s-d.lib(RenderTarget.cpp.obj)' or at '\\vmwfil04\students$\1301732\desktop\Base-SFML-Project\Debug\vc120.pdb'; linking object as if no debug info
     1>sfml-graphics-s-d.lib(RenderWindow.cpp.obj) : warning LNK4099: PDB 'vc120.pdb' was not found with 'sfml-graphics-s-d.lib(RenderWindow.cpp.obj)' or at '\\vmwfil04\students$\1301732\desktop\Base-SFML-Project\Debug\vc120.pdb'; linking object as if no debug info
     1>sfml-graphics-s-d.lib(Shader.cpp.obj) : warning LNK4099: PDB 'vc120.pdb' was not found with 'sfml-graphics-s-d.lib(Shader.cpp.obj)' or at '\\vmwfil04\students$\1301732\desktop\Base-SFML-Project\Debug\vc120.pdb'; linking object as if no debug info
     1>sfml-graphics-s-d.lib(Texture.cpp.obj) : warning LNK4099: PDB 'vc120.pdb' was not found with 'sfml-graphics-s-d.lib(Texture.cpp.obj)' or at '\\vmwfil04\students$\1301732\desktop\Base-SFML-Project\Debug\vc120.pdb'; linking object as if no debug info
     1>sfml-graphics-s-d.lib(TextureSaver.cpp.obj) : warning LNK4099: PDB 'vc120.pdb' was not found with 'sfml-graphics-s-d.lib(TextureSaver.cpp.obj)' or at '\\vmwfil04\students$\1301732\desktop\Base-SFML-Project\Debug\vc120.pdb'; linking object as if no debug info
     1>sfml-graphics-s-d.lib(Transform.cpp.obj) : warning LNK4099: PDB 'vc120.pdb' was not found with 'sfml-graphics-s-d.lib(Transform.cpp.obj)' or at '\\vmwfil04\students$\1301732\desktop\Base-SFML-Project\Debug\vc120.pdb'; linking object as if no debug info
     1>sfml-graphics-s-d.lib(Transformable.cpp.obj) : warning LNK4099: PDB 'vc120.pdb' was not found with 'sfml-graphics-s-d.lib(Transformable.cpp.obj)' or at '\\vmwfil04\students$\1301732\desktop\Base-SFML-Project\Debug\vc120.pdb'; linking object as if no debug info
     1>sfml-graphics-s-d.lib(View.cpp.obj) : warning LNK4099: PDB 'vc120.pdb' was not found with 'sfml-graphics-s-d.lib(View.cpp.obj)' or at '\\vmwfil04\students$\1301732\desktop\Base-SFML-Project\Debug\vc120.pdb'; linking object as if no debug info
     1>sfml-graphics-s-d.lib(Vertex.cpp.obj) : warning LNK4099: PDB 'vc120.pdb' was not found with 'sfml-graphics-s-d.lib(Vertex.cpp.obj)' or at '\\vmwfil04\students$\1301732\desktop\Base-SFML-Project\Debug\vc120.pdb'; linking object as if no debug info
     1>sfml-graphics-s-d.lib(GLLoader.cpp.obj) : warning LNK4099: PDB 'vc120.pdb' was not found with 'sfml-graphics-s-d.lib(GLLoader.cpp.obj)' or at '\\vmwfil04\students$\1301732\desktop\Base-SFML-Project\Debug\vc120.pdb'; linking object as if no debug info
     1>sfml-graphics-s-d.lib(Shape.cpp.obj) : warning LNK4099: PDB 'vc120.pdb' was not found with 'sfml-graphics-s-d.lib(Shape.cpp.obj)' or at '\\vmwfil04\students$\1301732\desktop\Base-SFML-Project\Debug\vc120.pdb'; linking object as if no debug info
     1>sfml-graphics-s-d.lib(CircleShape.cpp.obj) : warning LNK4099: PDB 'vc120.pdb' was not found with 'sfml-graphics-s-d.lib(CircleShape.cpp.obj)' or at '\\vmwfil04\students$\1301732\desktop\Base-SFML-Project\Debug\vc120.pdb'; linking object as if no debug info
     1>sfml-graphics-s-d.lib(VertexArray.cpp.obj) : warning LNK4099: PDB 'vc120.pdb' was not found with 'sfml-graphics-s-d.lib(VertexArray.cpp.obj)' or at '\\vmwfil04\students$\1301732\desktop\Base-SFML-Project\Debug\vc120.pdb'; linking object as if no debug info
     1>sfml-window-s-d.lib(Context.cpp.obj) : warning LNK4099: PDB 'vc120.pdb' was not found with 'sfml-window-s-d.lib(Context.cpp.obj)' or at '\\vmwfil04\students$\1301732\desktop\Base-SFML-Project\Debug\vc120.pdb'; linking object as if no debug info
     1>sfml-window-s-d.lib(GlContext.cpp.obj) : warning LNK4099: PDB 'vc120.pdb' was not found with 'sfml-window-s-d.lib(GlContext.cpp.obj)' or at '\\vmwfil04\students$\1301732\desktop\Base-SFML-Project\Debug\vc120.pdb'; linking object as if no debug info
     1>sfml-window-s-d.lib(GlResource.cpp.obj) : warning LNK4099: PDB 'vc120.pdb' was not found with 'sfml-window-s-d.lib(GlResource.cpp.obj)' or at '\\vmwfil04\students$\1301732\desktop\Base-SFML-Project\Debug\vc120.pdb'; linking object as if no debug info
     1>sfml-window-s-d.lib(Joystick.cpp.obj) : warning LNK4099: PDB 'vc120.pdb' was not found with 'sfml-window-s-d.lib(Joystick.cpp.obj)' or at '\\vmwfil04\students$\1301732\desktop\Base-SFML-Project\Debug\vc120.pdb'; linking object as if no debug info
     1>sfml-window-s-d.lib(JoystickManager.cpp.obj) : warning LNK4099: PDB 'vc120.pdb' was not found with 'sfml-window-s-d.lib(JoystickManager.cpp.obj)' or at '\\vmwfil04\students$\1301732\desktop\Base-SFML-Project\Debug\vc120.pdb'; linking object as if no debug info
     1>sfml-window-s-d.lib(SensorManager.cpp.obj) : warning LNK4099: PDB 'vc120.pdb' was not found with 'sfml-window-s-d.lib(SensorManager.cpp.obj)' or at '\\vmwfil04\students$\1301732\desktop\Base-SFML-Project\Debug\vc120.pdb'; linking object as if no debug info
     1>sfml-window-s-d.lib(VideoMode.cpp.obj) : warning LNK4099: PDB 'vc120.pdb' was not found with 'sfml-window-s-d.lib(VideoMode.cpp.obj)' or at '\\vmwfil04\students$\1301732\desktop\Base-SFML-Project\Debug\vc120.pdb'; linking object as if no debug info
     1>sfml-window-s-d.lib(Window.cpp.obj) : warning LNK4099: PDB 'vc120.pdb' was not found with 'sfml-window-s-d.lib(Window.cpp.obj)' or at '\\vmwfil04\students$\1301732\desktop\Base-SFML-Project\Debug\vc120.pdb'; linking object as if no debug info
     1>sfml-window-s-d.lib(WindowImpl.cpp.obj) : warning LNK4099: PDB 'vc120.pdb' was not found with 'sfml-window-s-d.lib(WindowImpl.cpp.obj)' or at '\\vmwfil04\students$\1301732\desktop\Base-SFML-Project\Debug\vc120.pdb'; linking object as if no debug info
     1>sfml-window-s-d.lib(WglContext.cpp.obj) : warning LNK4099: PDB 'vc120.pdb' was not found with 'sfml-window-s-d.lib(WglContext.cpp.obj)' or at '\\vmwfil04\students$\1301732\desktop\Base-SFML-Project\Debug\vc120.pdb'; linking object as if no debug info
     1>sfml-window-s-d.lib(WglExtensions.cpp.obj) : warning LNK4099: PDB 'vc120.pdb' was not found with 'sfml-window-s-d.lib(WglExtensions.cpp.obj)' or at '\\vmwfil04\students$\1301732\desktop\Base-SFML-Project\Debug\vc120.pdb'; linking object as if no debug info
     1>sfml-window-s-d.lib(JoystickImpl.cpp.obj) : warning LNK4099: PDB 'vc120.pdb' was not found with 'sfml-window-s-d.lib(JoystickImpl.cpp.obj)' or at '\\vmwfil04\students$\1301732\desktop\Base-SFML-Project\Debug\vc120.pdb'; linking object as if no debug info
     1>sfml-window-s-d.lib(SensorImpl.cpp.obj) : warning LNK4099: PDB 'vc120.pdb' was not found with 'sfml-window-s-d.lib(SensorImpl.cpp.obj)' or at '\\vmwfil04\students$\1301732\desktop\Base-SFML-Project\Debug\vc120.pdb'; linking object as if no debug info
     1>sfml-window-s-d.lib(VideoModeImpl.cpp.obj) : warning LNK4099: PDB 'vc120.pdb' was not found with 'sfml-window-s-d.lib(VideoModeImpl.cpp.obj)' or at '\\vmwfil04\students$\1301732\desktop\Base-SFML-Project\Debug\vc120.pdb'; linking object as if no debug info
     1>sfml-window-s-d.lib(WindowImplWin32.cpp.obj) : warning LNK4099: PDB 'vc120.pdb' was not found with 'sfml-window-s-d.lib(WindowImplWin32.cpp.obj)' or at '\\vmwfil04\students$\1301732\desktop\Base-SFML-Project\Debug\vc120.pdb'; linking object as if no debug info
     1>sfml-system-s-d.lib(Clock.cpp.obj) : warning LNK4099: PDB 'vc120.pdb' was not found with 'sfml-system-s-d.lib(Clock.cpp.obj)' or at '\\vmwfil04\students$\1301732\desktop\Base-SFML-Project\Debug\vc120.pdb'; linking object as if no debug info
     1>sfml-system-s-d.lib(Err.cpp.obj) : warning LNK4099: PDB 'vc120.pdb' was not found with 'sfml-system-s-d.lib(Err.cpp.obj)' or at '\\vmwfil04\students$\1301732\desktop\Base-SFML-Project\Debug\vc120.pdb'; linking object as if no debug info
     1>sfml-system-s-d.lib(Lock.cpp.obj) : warning LNK4099: PDB 'vc120.pdb' was not found with 'sfml-system-s-d.lib(Lock.cpp.obj)' or at '\\vmwfil04\students$\1301732\desktop\Base-SFML-Project\Debug\vc120.pdb'; linking object as if no debug info
     1>sfml-system-s-d.lib(Mutex.cpp.obj) : warning LNK4099: PDB 'vc120.pdb' was not found with 'sfml-system-s-d.lib(Mutex.cpp.obj)' or at '\\vmwfil04\students$\1301732\desktop\Base-SFML-Project\Debug\vc120.pdb'; linking object as if no debug info
     1>sfml-system-s-d.lib(Sleep.cpp.obj) : warning LNK4099: PDB 'vc120.pdb' was not found with 'sfml-system-s-d.lib(Sleep.cpp.obj)' or at '\\vmwfil04\students$\1301732\desktop\Base-SFML-Project\Debug\vc120.pdb'; linking object as if no debug info
     1>sfml-system-s-d.lib(String.cpp.obj) : warning LNK4099: PDB 'vc120.pdb' was not found with 'sfml-system-s-d.lib(String.cpp.obj)' or at '\\vmwfil04\students$\1301732\desktop\Base-SFML-Project\Debug\vc120.pdb'; linking object as if no debug info
     1>sfml-system-s-d.lib(ThreadLocal.cpp.obj) : warning LNK4099: PDB 'vc120.pdb' was not found with 'sfml-system-s-d.lib(ThreadLocal.cpp.obj)' or at '\\vmwfil04\students$\1301732\desktop\Base-SFML-Project\Debug\vc120.pdb'; linking object as if no debug info
     1>sfml-system-s-d.lib(Time.cpp.obj) : warning LNK4099: PDB 'vc120.pdb' was not found with 'sfml-system-s-d.lib(Time.cpp.obj)' or at '\\vmwfil04\students$\1301732\desktop\Base-SFML-Project\Debug\vc120.pdb'; linking object as if no debug info
     1>sfml-system-s-d.lib(ClockImpl.cpp.obj) : warning LNK4099: PDB 'vc120.pdb' was not found with 'sfml-system-s-d.lib(ClockImpl.cpp.obj)' or at '\\vmwfil04\students$\1301732\desktop\Base-SFML-Project\Debug\vc120.pdb'; linking object as if no debug info
     1>sfml-system-s-d.lib(MutexImpl.cpp.obj) : warning LNK4099: PDB 'vc120.pdb' was not found with 'sfml-system-s-d.lib(MutexImpl.cpp.obj)' or at '\\vmwfil04\students$\1301732\desktop\Base-SFML-Project\Debug\vc120.pdb'; linking object as if no debug info
     1>sfml-system-s-d.lib(SleepImpl.cpp.obj) : warning LNK4099: PDB 'vc120.pdb' was not found with 'sfml-system-s-d.lib(SleepImpl.cpp.obj)' or at '\\vmwfil04\students$\1301732\desktop\Base-SFML-Project\Debug\vc120.pdb'; linking object as if no debug info
     1>sfml-system-s-d.lib(ThreadLocalImpl.cpp.obj) : warning LNK4099: PDB 'vc120.pdb' was not found with 'sfml-system-s-d.lib(ThreadLocalImpl.cpp.obj)' or at '\\vmwfil04\students$\1301732\desktop\Base-SFML-Project\Debug\vc120.pdb'; linking object as if no debug info
         Base-SFML-Project.vcxproj -> \\vmwfil04\students$\1301732\desktop\Base-SFML-Project\Debug\Base-SFML-Project.exe
     1>Done Building Project "\\vmwfil04\students$\1301732\desktop\Base-SFML-Project\Base-SFML-Project\Base-SFML-Project.vcxproj" (Build target(s)).

Build succeeded.

Time Elapsed 00:00:05.42
